<?xml version="1.0" encoding="UTF-8"?>
<!-- Generated by org.testng.reporters.JUnitXMLReporter -->
<testsuite hostname="VikasRajodia" name="Default test" tests="2" failures="1" timestamp="17 Nov 2019 11:06:10 GMT" time="11.852" errors="0">
  <testcase name="launchBrowser" time="11.766" classname="Jenkins.NewTest">
    <failure type="org.openqa.selenium.SessionNotCreatedException" message="session not created: This version of ChromeDriver only supports Chrome version 79
Build info: version: &amp;apos;3.141.59&amp;apos;, revision: &amp;apos;e82be7d358&amp;apos;, time: &amp;apos;2018-11-14T08:17:03&amp;apos;
System info: host: &amp;apos;VIKASRAJODIA&amp;apos;, ip: &amp;apos;192.168.43.133&amp;apos;, os.name: &amp;apos;Windows 10&amp;apos;, os.arch: &amp;apos;amd64&amp;apos;, os.version: &amp;apos;10.0&amp;apos;, java.version: &amp;apos;1.8.0_221&amp;apos;
Driver info: driver.version: ChromeDriver
remote stacktrace: Backtrace:
	Ordinal0 [0x00FF9F93+1548179]
	Ordinal0 [0x00F7DC51+1039441]
	Ordinal0 [0x00EFE495+517269]
	Ordinal0 [0x00E8FD34+64820]
	Ordinal0 [0x00E8C61E+50718]
	Ordinal0 [0x00EAB797+178071]
	Ordinal0 [0x00EAB59D+177565]
	Ordinal0 [0x00EA95FB+169467]
	Ordinal0 [0x00E9160A+71178]
	Ordinal0 [0x00E92690+75408]
	Ordinal0 [0x00E92629+75305]
	Ordinal0 [0x00F97047+1142855]
	GetHandleVerifier [0x01092996+507766]
	GetHandleVerifier [0x010926B4+507028]
	GetHandleVerifier [0x01099D97+537463]
	GetHandleVerifier [0x01093252+510002]
	Ordinal0 [0x00F8F12C+1110316]
	Ordinal0 [0x00F9921B+1151515]
	Ordinal0 [0x00F99383+1151875]
	Ordinal0 [0x00F98285+1147525]
	BaseThreadInitThunk [0x74538494+36]
	RtlAreBitsSet [0x772541C8+136]
	RtlAreBitsSet [0x77254198+88]
">
      <![CDATA[org.openqa.selenium.SessionNotCreatedException: session not created: This version of ChromeDriver only supports Chrome version 79
Build info: version: '3.141.59', revision: 'e82be7d358', time: '2018-11-14T08:17:03'
System info: host: 'VIKASRAJODIA', ip: '192.168.43.133', os.name: 'Windows 10', os.arch: 'amd64', os.version: '10.0', java.version: '1.8.0_221'
Driver info: driver.version: ChromeDriver
remote stacktrace: Backtrace:
	Ordinal0 [0x00FF9F93+1548179]
	Ordinal0 [0x00F7DC51+1039441]
	Ordinal0 [0x00EFE495+517269]
	Ordinal0 [0x00E8FD34+64820]
	Ordinal0 [0x00E8C61E+50718]
	Ordinal0 [0x00EAB797+178071]
	Ordinal0 [0x00EAB59D+177565]
	Ordinal0 [0x00EA95FB+169467]
	Ordinal0 [0x00E9160A+71178]
	Ordinal0 [0x00E92690+75408]
	Ordinal0 [0x00E92629+75305]
	Ordinal0 [0x00F97047+1142855]
	GetHandleVerifier [0x01092996+507766]
	GetHandleVerifier [0x010926B4+507028]
	GetHandleVerifier [0x01099D97+537463]
	GetHandleVerifier [0x01093252+510002]
	Ordinal0 [0x00F8F12C+1110316]
	Ordinal0 [0x00F9921B+1151515]
	Ordinal0 [0x00F99383+1151875]
	Ordinal0 [0x00F98285+1147525]
	BaseThreadInitThunk [0x74538494+36]
	RtlAreBitsSet [0x772541C8+136]
	RtlAreBitsSet [0x77254198+88]

	at sun.reflect.NativeConstructorAccessorImpl.newInstance0(Native Method)
	at sun.reflect.NativeConstructorAccessorImpl.newInstance(NativeConstructorAccessorImpl.java:62)
	at sun.reflect.DelegatingConstructorAccessorImpl.newInstance(DelegatingConstructorAccessorImpl.java:45)
	at java.lang.reflect.Constructor.newInstance(Constructor.java:423)
	at org.openqa.selenium.remote.W3CHandshakeResponse.lambda$errorHandler$0(W3CHandshakeResponse.java:62)
	at org.openqa.selenium.remote.HandshakeResponse.lambda$getResponseFunction$0(HandshakeResponse.java:30)
	at org.openqa.selenium.remote.ProtocolHandshake.lambda$createSession$0(ProtocolHandshake.java:126)
	at java.util.stream.ReferencePipeline$3$1.accept(ReferencePipeline.java:193)
	at java.util.Spliterators$ArraySpliterator.tryAdvance(Spliterators.java:958)
	at java.util.stream.ReferencePipeline.forEachWithCancel(ReferencePipeline.java:126)
	at java.util.stream.AbstractPipeline.copyIntoWithCancel(AbstractPipeline.java:499)
	at java.util.stream.AbstractPipeline.copyInto(AbstractPipeline.java:486)
	at java.util.stream.AbstractPipeline.wrapAndCopyInto(AbstractPipeline.java:472)
	at java.util.stream.FindOps$FindOp.evaluateSequential(FindOps.java:152)
	at java.util.stream.AbstractPipeline.evaluate(AbstractPipeline.java:234)
	at java.util.stream.ReferencePipeline.findFirst(ReferencePipeline.java:464)
	at org.openqa.selenium.remote.ProtocolHandshake.createSession(ProtocolHandshake.java:128)
	at org.openqa.selenium.remote.ProtocolHandshake.createSession(ProtocolHandshake.java:74)
	at org.openqa.selenium.remote.HttpCommandExecutor.execute(HttpCommandExecutor.java:136)
	at org.openqa.selenium.remote.service.DriverCommandExecutor.execute(DriverCommandExecutor.java:83)
	at org.openqa.selenium.remote.RemoteWebDriver.execute(RemoteWebDriver.java:552)
	at org.openqa.selenium.remote.RemoteWebDriver.startSession(RemoteWebDriver.java:213)
	at org.openqa.selenium.remote.RemoteWebDriver.<init>(RemoteWebDriver.java:131)
	at org.openqa.selenium.chrome.ChromeDriver.<init>(ChromeDriver.java:181)
	at org.openqa.selenium.chrome.ChromeDriver.<init>(ChromeDriver.java:168)
	at org.openqa.selenium.chrome.ChromeDriver.<init>(ChromeDriver.java:123)
	at Jenkins.NewTest.launchBrowser(NewTest.java:14)
	at sun.reflect.NativeMethodAccessorImpl.invoke0(Native Method)
	at sun.reflect.NativeMethodAccessorImpl.invoke(NativeMethodAccessorImpl.java:62)
	at sun.reflect.DelegatingMethodAccessorImpl.invoke(DelegatingMethodAccessorImpl.java:43)
	at java.lang.reflect.Method.invoke(Method.java:498)
	at org.testng.internal.MethodInvocationHelper.invokeMethod(MethodInvocationHelper.java:85)
	at org.testng.internal.Invoker.invokeMethod(Invoker.java:639)
	at org.testng.internal.Invoker.invokeTestMethod(Invoker.java:816)
	at org.testng.internal.Invoker.invokeTestMethods(Invoker.java:1124)
	at org.testng.internal.TestMethodWorker.invokeTestMethods(TestMethodWorker.java:125)
	at org.testng.internal.TestMethodWorker.run(TestMethodWorker.java:108)
	at org.testng.TestRunner.privateRun(TestRunner.java:774)
	at org.testng.TestRunner.run(TestRunner.java:624)
	at org.testng.SuiteRunner.runTest(SuiteRunner.java:359)
	at org.testng.SuiteRunner.runSequentially(SuiteRunner.java:354)
	at org.testng.SuiteRunner.privateRun(SuiteRunner.java:312)
	at org.testng.SuiteRunner.run(SuiteRunner.java:261)
	at org.testng.SuiteRunnerWorker.runSuite(SuiteRunnerWorker.java:52)
	at org.testng.SuiteRunnerWorker.run(SuiteRunnerWorker.java:86)
	at org.testng.TestNG.runSuitesSequentially(TestNG.java:1191)
	at org.testng.TestNG.runSuitesLocally(TestNG.java:1116)
	at org.testng.TestNG.run(TestNG.java:1024)
	at org.testng.remote.AbstractRemoteTestNG.run(AbstractRemoteTestNG.java:115)
	at org.testng.remote.RemoteTestNG.initAndRun(RemoteTestNG.java:251)
	at org.testng.remote.RemoteTestNG.main(RemoteTestNG.java:77)
]]>
    </failure>
  </testcase> <!-- launchBrowser -->
  <testcase name="launchBrowser1" time="0.007" classname="Jenkins.NewTest"/>
</testsuite> <!-- Default test -->
